<?xml version="1.0" encoding="UTF-8"?>
<testsuite xmlns:xsi="http://www.w3.org/2001/XMLSchema-instance" xsi:noNamespaceSchemaLocation="https://maven.apache.org/surefire/maven-surefire-plugin/xsd/surefire-test-report.xsd" name="com.example.aws.elasticsearch.demo.ApplicationTests" time="0.326" tests="1" errors="0" skipped="1" failures="0">
  <properties>
    <property name="gopherProxySet" value="false"/>
    <property name="awt.toolkit" value="sun.lwawt.macosx.LWCToolkit"/>
    <property name="file.encoding.pkg" value="sun.io"/>
    <property name="java.specification.version" value="1.8"/>
    <property name="sun.cpu.isalist" value=""/>
    <property name="sun.jnu.encoding" value="UTF-8"/>
    <property name="java.class.path" value="/Users/gebremeskelukbagiorgisiyasu/projects/ruter/playground/es-aws/target/test-classes:/Users/gebremeskelukbagiorgisiyasu/projects/ruter/playground/es-aws/target/classes:/Users/gebremeskelukbagiorgisiyasu/.m2/repository/org/springframework/boot/spring-boot-starter-web/2.1.2.RELEASE/spring-boot-starter-web-2.1.2.RELEASE.jar:/Users/gebremeskelukbagiorgisiyasu/.m2/repository/org/springframework/boot/spring-boot-starter/2.1.2.RELEASE/spring-boot-starter-2.1.2.RELEASE.jar:/Users/gebremeskelukbagiorgisiyasu/.m2/repository/org/springframework/boot/spring-boot/2.1.2.RELEASE/spring-boot-2.1.2.RELEASE.jar:/Users/gebremeskelukbagiorgisiyasu/.m2/repository/org/springframework/boot/spring-boot-autoconfigure/2.1.2.RELEASE/spring-boot-autoconfigure-2.1.2.RELEASE.jar:/Users/gebremeskelukbagiorgisiyasu/.m2/repository/org/springframework/boot/spring-boot-starter-logging/2.1.2.RELEASE/spring-boot-starter-logging-2.1.2.RELEASE.jar:/Users/gebremeskelukbagiorgisiyasu/.m2/repository/ch/qos/logback/logback-classic/1.2.3/logback-classic-1.2.3.jar:/Users/gebremeskelukbagiorgisiyasu/.m2/repository/ch/qos/logback/logback-core/1.2.3/logback-core-1.2.3.jar:/Users/gebremeskelukbagiorgisiyasu/.m2/repository/org/apache/logging/log4j/log4j-to-slf4j/2.11.1/log4j-to-slf4j-2.11.1.jar:/Users/gebremeskelukbagiorgisiyasu/.m2/repository/org/slf4j/jul-to-slf4j/1.7.25/jul-to-slf4j-1.7.25.jar:/Users/gebremeskelukbagiorgisiyasu/.m2/repository/javax/annotation/javax.annotation-api/1.3.2/javax.annotation-api-1.3.2.jar:/Users/gebremeskelukbagiorgisiyasu/.m2/repository/org/yaml/snakeyaml/1.23/snakeyaml-1.23.jar:/Users/gebremeskelukbagiorgisiyasu/.m2/repository/org/springframework/boot/spring-boot-starter-json/2.1.2.RELEASE/spring-boot-starter-json-2.1.2.RELEASE.jar:/Users/gebremeskelukbagiorgisiyasu/.m2/repository/com/fasterxml/jackson/core/jackson-databind/2.9.8/jackson-databind-2.9.8.jar:/Users/gebremeskelukbagiorgisiyasu/.m2/repository/com/fasterxml/jackson/core/jackson-annotations/2.9.0/jackson-annotations-2.9.0.jar:/Users/gebremeskelukbagiorgisiyasu/.m2/repository/com/fasterxml/jackson/datatype/jackson-datatype-jdk8/2.9.8/jackson-datatype-jdk8-2.9.8.jar:/Users/gebremeskelukbagiorgisiyasu/.m2/repository/com/fasterxml/jackson/datatype/jackson-datatype-jsr310/2.9.8/jackson-datatype-jsr310-2.9.8.jar:/Users/gebremeskelukbagiorgisiyasu/.m2/repository/com/fasterxml/jackson/module/jackson-module-parameter-names/2.9.8/jackson-module-parameter-names-2.9.8.jar:/Users/gebremeskelukbagiorgisiyasu/.m2/repository/org/springframework/boot/spring-boot-starter-tomcat/2.1.2.RELEASE/spring-boot-starter-tomcat-2.1.2.RELEASE.jar:/Users/gebremeskelukbagiorgisiyasu/.m2/repository/org/apache/tomcat/embed/tomcat-embed-core/9.0.14/tomcat-embed-core-9.0.14.jar:/Users/gebremeskelukbagiorgisiyasu/.m2/repository/org/apache/tomcat/embed/tomcat-embed-el/9.0.14/tomcat-embed-el-9.0.14.jar:/Users/gebremeskelukbagiorgisiyasu/.m2/repository/org/apache/tomcat/embed/tomcat-embed-websocket/9.0.14/tomcat-embed-websocket-9.0.14.jar:/Users/gebremeskelukbagiorgisiyasu/.m2/repository/org/hibernate/validator/hibernate-validator/6.0.14.Final/hibernate-validator-6.0.14.Final.jar:/Users/gebremeskelukbagiorgisiyasu/.m2/repository/javax/validation/validation-api/2.0.1.Final/validation-api-2.0.1.Final.jar:/Users/gebremeskelukbagiorgisiyasu/.m2/repository/org/jboss/logging/jboss-logging/3.3.2.Final/jboss-logging-3.3.2.Final.jar:/Users/gebremeskelukbagiorgisiyasu/.m2/repository/com/fasterxml/classmate/1.4.0/classmate-1.4.0.jar:/Users/gebremeskelukbagiorgisiyasu/.m2/repository/org/springframework/spring-web/5.1.4.RELEASE/spring-web-5.1.4.RELEASE.jar:/Users/gebremeskelukbagiorgisiyasu/.m2/repository/org/springframework/spring-beans/5.1.4.RELEASE/spring-beans-5.1.4.RELEASE.jar:/Users/gebremeskelukbagiorgisiyasu/.m2/repository/org/springframework/spring-webmvc/5.1.4.RELEASE/spring-webmvc-5.1.4.RELEASE.jar:/Users/gebremeskelukbagiorgisiyasu/.m2/repository/org/springframework/spring-aop/5.1.4.RELEASE/spring-aop-5.1.4.RELEASE.jar:/Users/gebremeskelukbagiorgisiyasu/.m2/repository/org/springframework/spring-context/5.1.4.RELEASE/spring-context-5.1.4.RELEASE.jar:/Users/gebremeskelukbagiorgisiyasu/.m2/repository/org/springframework/spring-expression/5.1.4.RELEASE/spring-expression-5.1.4.RELEASE.jar:/Users/gebremeskelukbagiorgisiyasu/.m2/repository/org/elasticsearch/elasticsearch/6.4.3/elasticsearch-6.4.3.jar:/Users/gebremeskelukbagiorgisiyasu/.m2/repository/org/elasticsearch/elasticsearch-core/6.4.3/elasticsearch-core-6.4.3.jar:/Users/gebremeskelukbagiorgisiyasu/.m2/repository/org/elasticsearch/elasticsearch-secure-sm/6.4.3/elasticsearch-secure-sm-6.4.3.jar:/Users/gebremeskelukbagiorgisiyasu/.m2/repository/org/elasticsearch/elasticsearch-x-content/6.4.3/elasticsearch-x-content-6.4.3.jar:/Users/gebremeskelukbagiorgisiyasu/.m2/repository/com/fasterxml/jackson/core/jackson-core/2.9.8/jackson-core-2.9.8.jar:/Users/gebremeskelukbagiorgisiyasu/.m2/repository/com/fasterxml/jackson/dataformat/jackson-dataformat-smile/2.9.8/jackson-dataformat-smile-2.9.8.jar:/Users/gebremeskelukbagiorgisiyasu/.m2/repository/com/fasterxml/jackson/dataformat/jackson-dataformat-yaml/2.9.8/jackson-dataformat-yaml-2.9.8.jar:/Users/gebremeskelukbagiorgisiyasu/.m2/repository/com/fasterxml/jackson/dataformat/jackson-dataformat-cbor/2.9.8/jackson-dataformat-cbor-2.9.8.jar:/Users/gebremeskelukbagiorgisiyasu/.m2/repository/org/apache/lucene/lucene-core/7.4.0/lucene-core-7.4.0.jar:/Users/gebremeskelukbagiorgisiyasu/.m2/repository/org/apache/lucene/lucene-analyzers-common/7.4.0/lucene-analyzers-common-7.4.0.jar:/Users/gebremeskelukbagiorgisiyasu/.m2/repository/org/apache/lucene/lucene-backward-codecs/7.4.0/lucene-backward-codecs-7.4.0.jar:/Users/gebremeskelukbagiorgisiyasu/.m2/repository/org/apache/lucene/lucene-grouping/7.4.0/lucene-grouping-7.4.0.jar:/Users/gebremeskelukbagiorgisiyasu/.m2/repository/org/apache/lucene/lucene-highlighter/7.4.0/lucene-highlighter-7.4.0.jar:/Users/gebremeskelukbagiorgisiyasu/.m2/repository/org/apache/lucene/lucene-join/7.4.0/lucene-join-7.4.0.jar:/Users/gebremeskelukbagiorgisiyasu/.m2/repository/org/apache/lucene/lucene-memory/7.4.0/lucene-memory-7.4.0.jar:/Users/gebremeskelukbagiorgisiyasu/.m2/repository/org/apache/lucene/lucene-misc/7.4.0/lucene-misc-7.4.0.jar:/Users/gebremeskelukbagiorgisiyasu/.m2/repository/org/apache/lucene/lucene-queries/7.4.0/lucene-queries-7.4.0.jar:/Users/gebremeskelukbagiorgisiyasu/.m2/repository/org/apache/lucene/lucene-queryparser/7.4.0/lucene-queryparser-7.4.0.jar:/Users/gebremeskelukbagiorgisiyasu/.m2/repository/org/apache/lucene/lucene-sandbox/7.4.0/lucene-sandbox-7.4.0.jar:/Users/gebremeskelukbagiorgisiyasu/.m2/repository/org/apache/lucene/lucene-spatial/7.4.0/lucene-spatial-7.4.0.jar:/Users/gebremeskelukbagiorgisiyasu/.m2/repository/org/apache/lucene/lucene-spatial-extras/7.4.0/lucene-spatial-extras-7.4.0.jar:/Users/gebremeskelukbagiorgisiyasu/.m2/repository/org/apache/lucene/lucene-spatial3d/7.4.0/lucene-spatial3d-7.4.0.jar:/Users/gebremeskelukbagiorgisiyasu/.m2/repository/org/apache/lucene/lucene-suggest/7.4.0/lucene-suggest-7.4.0.jar:/Users/gebremeskelukbagiorgisiyasu/.m2/repository/org/elasticsearch/elasticsearch-cli/6.4.3/elasticsearch-cli-6.4.3.jar:/Users/gebremeskelukbagiorgisiyasu/.m2/repository/net/sf/jopt-simple/jopt-simple/5.0.2/jopt-simple-5.0.2.jar:/Users/gebremeskelukbagiorgisiyasu/.m2/repository/com/carrotsearch/hppc/0.7.1/hppc-0.7.1.jar:/Users/gebremeskelukbagiorgisiyasu/.m2/repository/joda-time/joda-time/2.10.1/joda-time-2.10.1.jar:/Users/gebremeskelukbagiorgisiyasu/.m2/repository/com/tdunning/t-digest/3.2/t-digest-3.2.jar:/Users/gebremeskelukbagiorgisiyasu/.m2/repository/org/hdrhistogram/HdrHistogram/2.1.9/HdrHistogram-2.1.9.jar:/Users/gebremeskelukbagiorgisiyasu/.m2/repository/org/apache/logging/log4j/log4j-api/2.11.1/log4j-api-2.11.1.jar:/Users/gebremeskelukbagiorgisiyasu/.m2/repository/org/elasticsearch/jna/4.5.1/jna-4.5.1.jar:/Users/gebremeskelukbagiorgisiyasu/.m2/repository/org/projectlombok/lombok/1.18.4/lombok-1.18.4.jar:/Users/gebremeskelukbagiorgisiyasu/.m2/repository/com/google/code/gson/gson/2.8.5/gson-2.8.5.jar:/Users/gebremeskelukbagiorgisiyasu/.m2/repository/org/elasticsearch/client/elasticsearch-rest-high-level-client/6.4.3/elasticsearch-rest-high-level-client-6.4.3.jar:/Users/gebremeskelukbagiorgisiyasu/.m2/repository/org/elasticsearch/client/elasticsearch-rest-client/6.4.3/elasticsearch-rest-client-6.4.3.jar:/Users/gebremeskelukbagiorgisiyasu/.m2/repository/org/apache/httpcomponents/httpclient/4.5.6/httpclient-4.5.6.jar:/Users/gebremeskelukbagiorgisiyasu/.m2/repository/org/apache/httpcomponents/httpcore/4.4.10/httpcore-4.4.10.jar:/Users/gebremeskelukbagiorgisiyasu/.m2/repository/org/apache/httpcomponents/httpasyncclient/4.1.4/httpasyncclient-4.1.4.jar:/Users/gebremeskelukbagiorgisiyasu/.m2/repository/org/apache/httpcomponents/httpcore-nio/4.4.10/httpcore-nio-4.4.10.jar:/Users/gebremeskelukbagiorgisiyasu/.m2/repository/commons-codec/commons-codec/1.11/commons-codec-1.11.jar:/Users/gebremeskelukbagiorgisiyasu/.m2/repository/org/elasticsearch/plugin/parent-join-client/6.4.3/parent-join-client-6.4.3.jar:/Users/gebremeskelukbagiorgisiyasu/.m2/repository/org/elasticsearch/plugin/aggs-matrix-stats-client/6.4.3/aggs-matrix-stats-client-6.4.3.jar:/Users/gebremeskelukbagiorgisiyasu/.m2/repository/org/elasticsearch/plugin/rank-eval-client/6.4.3/rank-eval-client-6.4.3.jar:/Users/gebremeskelukbagiorgisiyasu/.m2/repository/org/elasticsearch/plugin/lang-mustache-client/6.4.3/lang-mustache-client-6.4.3.jar:/Users/gebremeskelukbagiorgisiyasu/.m2/repository/com/github/spullara/mustache/java/compiler/0.9.3/compiler-0.9.3.jar:/Users/gebremeskelukbagiorgisiyasu/.m2/repository/org/springframework/boot/spring-boot-starter-test/2.1.2.RELEASE/spring-boot-starter-test-2.1.2.RELEASE.jar:/Users/gebremeskelukbagiorgisiyasu/.m2/repository/org/springframework/boot/spring-boot-test/2.1.2.RELEASE/spring-boot-test-2.1.2.RELEASE.jar:/Users/gebremeskelukbagiorgisiyasu/.m2/repository/org/springframework/boot/spring-boot-test-autoconfigure/2.1.2.RELEASE/spring-boot-test-autoconfigure-2.1.2.RELEASE.jar:/Users/gebremeskelukbagiorgisiyasu/.m2/repository/com/jayway/jsonpath/json-path/2.4.0/json-path-2.4.0.jar:/Users/gebremeskelukbagiorgisiyasu/.m2/repository/net/minidev/json-smart/2.3/json-smart-2.3.jar:/Users/gebremeskelukbagiorgisiyasu/.m2/repository/net/minidev/accessors-smart/1.2/accessors-smart-1.2.jar:/Users/gebremeskelukbagiorgisiyasu/.m2/repository/org/ow2/asm/asm/5.0.4/asm-5.0.4.jar:/Users/gebremeskelukbagiorgisiyasu/.m2/repository/org/slf4j/slf4j-api/1.7.25/slf4j-api-1.7.25.jar:/Users/gebremeskelukbagiorgisiyasu/.m2/repository/junit/junit/4.12/junit-4.12.jar:/Users/gebremeskelukbagiorgisiyasu/.m2/repository/org/assertj/assertj-core/3.11.1/assertj-core-3.11.1.jar:/Users/gebremeskelukbagiorgisiyasu/.m2/repository/org/mockito/mockito-core/2.23.4/mockito-core-2.23.4.jar:/Users/gebremeskelukbagiorgisiyasu/.m2/repository/net/bytebuddy/byte-buddy/1.9.7/byte-buddy-1.9.7.jar:/Users/gebremeskelukbagiorgisiyasu/.m2/repository/net/bytebuddy/byte-buddy-agent/1.9.7/byte-buddy-agent-1.9.7.jar:/Users/gebremeskelukbagiorgisiyasu/.m2/repository/org/objenesis/objenesis/2.6/objenesis-2.6.jar:/Users/gebremeskelukbagiorgisiyasu/.m2/repository/org/hamcrest/hamcrest-core/1.3/hamcrest-core-1.3.jar:/Users/gebremeskelukbagiorgisiyasu/.m2/repository/org/hamcrest/hamcrest-library/1.3/hamcrest-library-1.3.jar:/Users/gebremeskelukbagiorgisiyasu/.m2/repository/org/skyscreamer/jsonassert/1.5.0/jsonassert-1.5.0.jar:/Users/gebremeskelukbagiorgisiyasu/.m2/repository/com/vaadin/external/google/android-json/0.0.20131108.vaadin1/android-json-0.0.20131108.vaadin1.jar:/Users/gebremeskelukbagiorgisiyasu/.m2/repository/org/springframework/spring-core/5.1.4.RELEASE/spring-core-5.1.4.RELEASE.jar:/Users/gebremeskelukbagiorgisiyasu/.m2/repository/org/springframework/spring-jcl/5.1.4.RELEASE/spring-jcl-5.1.4.RELEASE.jar:/Users/gebremeskelukbagiorgisiyasu/.m2/repository/org/springframework/spring-test/5.1.4.RELEASE/spring-test-5.1.4.RELEASE.jar:/Users/gebremeskelukbagiorgisiyasu/.m2/repository/org/xmlunit/xmlunit-core/2.6.2/xmlunit-core-2.6.2.jar:"/>
    <property name="java.vm.vendor" value="Oracle Corporation"/>
    <property name="sun.arch.data.model" value="64"/>
    <property name="java.vendor.url" value="http://java.oracle.com/"/>
    <property name="user.timezone" value=""/>
    <property name="java.vm.specification.version" value="1.8"/>
    <property name="os.name" value="Mac OS X"/>
    <property name="user.country" value="NO"/>
    <property name="sun.java.launcher" value="SUN_STANDARD"/>
    <property name="sun.boot.library.path" value="/Library/Java/JavaVirtualMachines/jdk1.8.0_201.jdk/Contents/Home/jre/lib"/>
    <property name="sun.java.command" value="/Users/gebremeskelukbagiorgisiyasu/projects/ruter/playground/es-aws/target/surefire/surefirebooter5935503506057472542.jar /Users/gebremeskelukbagiorgisiyasu/projects/ruter/playground/es-aws/target/surefire 2019-01-24T21-43-14_938-jvmRun1 surefire2009609839685110554tmp surefire_05983811690529174318tmp"/>
    <property name="http.nonProxyHosts" value="local|*.local|169.254/16|*.169.254/16"/>
    <property name="surefire.test.class.path" value="/Users/gebremeskelukbagiorgisiyasu/projects/ruter/playground/es-aws/target/test-classes:/Users/gebremeskelukbagiorgisiyasu/projects/ruter/playground/es-aws/target/classes:/Users/gebremeskelukbagiorgisiyasu/.m2/repository/org/springframework/boot/spring-boot-starter-web/2.1.2.RELEASE/spring-boot-starter-web-2.1.2.RELEASE.jar:/Users/gebremeskelukbagiorgisiyasu/.m2/repository/org/springframework/boot/spring-boot-starter/2.1.2.RELEASE/spring-boot-starter-2.1.2.RELEASE.jar:/Users/gebremeskelukbagiorgisiyasu/.m2/repository/org/springframework/boot/spring-boot/2.1.2.RELEASE/spring-boot-2.1.2.RELEASE.jar:/Users/gebremeskelukbagiorgisiyasu/.m2/repository/org/springframework/boot/spring-boot-autoconfigure/2.1.2.RELEASE/spring-boot-autoconfigure-2.1.2.RELEASE.jar:/Users/gebremeskelukbagiorgisiyasu/.m2/repository/org/springframework/boot/spring-boot-starter-logging/2.1.2.RELEASE/spring-boot-starter-logging-2.1.2.RELEASE.jar:/Users/gebremeskelukbagiorgisiyasu/.m2/repository/ch/qos/logback/logback-classic/1.2.3/logback-classic-1.2.3.jar:/Users/gebremeskelukbagiorgisiyasu/.m2/repository/ch/qos/logback/logback-core/1.2.3/logback-core-1.2.3.jar:/Users/gebremeskelukbagiorgisiyasu/.m2/repository/org/apache/logging/log4j/log4j-to-slf4j/2.11.1/log4j-to-slf4j-2.11.1.jar:/Users/gebremeskelukbagiorgisiyasu/.m2/repository/org/slf4j/jul-to-slf4j/1.7.25/jul-to-slf4j-1.7.25.jar:/Users/gebremeskelukbagiorgisiyasu/.m2/repository/javax/annotation/javax.annotation-api/1.3.2/javax.annotation-api-1.3.2.jar:/Users/gebremeskelukbagiorgisiyasu/.m2/repository/org/yaml/snakeyaml/1.23/snakeyaml-1.23.jar:/Users/gebremeskelukbagiorgisiyasu/.m2/repository/org/springframework/boot/spring-boot-starter-json/2.1.2.RELEASE/spring-boot-starter-json-2.1.2.RELEASE.jar:/Users/gebremeskelukbagiorgisiyasu/.m2/repository/com/fasterxml/jackson/core/jackson-databind/2.9.8/jackson-databind-2.9.8.jar:/Users/gebremeskelukbagiorgisiyasu/.m2/repository/com/fasterxml/jackson/core/jackson-annotations/2.9.0/jackson-annotations-2.9.0.jar:/Users/gebremeskelukbagiorgisiyasu/.m2/repository/com/fasterxml/jackson/datatype/jackson-datatype-jdk8/2.9.8/jackson-datatype-jdk8-2.9.8.jar:/Users/gebremeskelukbagiorgisiyasu/.m2/repository/com/fasterxml/jackson/datatype/jackson-datatype-jsr310/2.9.8/jackson-datatype-jsr310-2.9.8.jar:/Users/gebremeskelukbagiorgisiyasu/.m2/repository/com/fasterxml/jackson/module/jackson-module-parameter-names/2.9.8/jackson-module-parameter-names-2.9.8.jar:/Users/gebremeskelukbagiorgisiyasu/.m2/repository/org/springframework/boot/spring-boot-starter-tomcat/2.1.2.RELEASE/spring-boot-starter-tomcat-2.1.2.RELEASE.jar:/Users/gebremeskelukbagiorgisiyasu/.m2/repository/org/apache/tomcat/embed/tomcat-embed-core/9.0.14/tomcat-embed-core-9.0.14.jar:/Users/gebremeskelukbagiorgisiyasu/.m2/repository/org/apache/tomcat/embed/tomcat-embed-el/9.0.14/tomcat-embed-el-9.0.14.jar:/Users/gebremeskelukbagiorgisiyasu/.m2/repository/org/apache/tomcat/embed/tomcat-embed-websocket/9.0.14/tomcat-embed-websocket-9.0.14.jar:/Users/gebremeskelukbagiorgisiyasu/.m2/repository/org/hibernate/validator/hibernate-validator/6.0.14.Final/hibernate-validator-6.0.14.Final.jar:/Users/gebremeskelukbagiorgisiyasu/.m2/repository/javax/validation/validation-api/2.0.1.Final/validation-api-2.0.1.Final.jar:/Users/gebremeskelukbagiorgisiyasu/.m2/repository/org/jboss/logging/jboss-logging/3.3.2.Final/jboss-logging-3.3.2.Final.jar:/Users/gebremeskelukbagiorgisiyasu/.m2/repository/com/fasterxml/classmate/1.4.0/classmate-1.4.0.jar:/Users/gebremeskelukbagiorgisiyasu/.m2/repository/org/springframework/spring-web/5.1.4.RELEASE/spring-web-5.1.4.RELEASE.jar:/Users/gebremeskelukbagiorgisiyasu/.m2/repository/org/springframework/spring-beans/5.1.4.RELEASE/spring-beans-5.1.4.RELEASE.jar:/Users/gebremeskelukbagiorgisiyasu/.m2/repository/org/springframework/spring-webmvc/5.1.4.RELEASE/spring-webmvc-5.1.4.RELEASE.jar:/Users/gebremeskelukbagiorgisiyasu/.m2/repository/org/springframework/spring-aop/5.1.4.RELEASE/spring-aop-5.1.4.RELEASE.jar:/Users/gebremeskelukbagiorgisiyasu/.m2/repository/org/springframework/spring-context/5.1.4.RELEASE/spring-context-5.1.4.RELEASE.jar:/Users/gebremeskelukbagiorgisiyasu/.m2/repository/org/springframework/spring-expression/5.1.4.RELEASE/spring-expression-5.1.4.RELEASE.jar:/Users/gebremeskelukbagiorgisiyasu/.m2/repository/org/elasticsearch/elasticsearch/6.4.3/elasticsearch-6.4.3.jar:/Users/gebremeskelukbagiorgisiyasu/.m2/repository/org/elasticsearch/elasticsearch-core/6.4.3/elasticsearch-core-6.4.3.jar:/Users/gebremeskelukbagiorgisiyasu/.m2/repository/org/elasticsearch/elasticsearch-secure-sm/6.4.3/elasticsearch-secure-sm-6.4.3.jar:/Users/gebremeskelukbagiorgisiyasu/.m2/repository/org/elasticsearch/elasticsearch-x-content/6.4.3/elasticsearch-x-content-6.4.3.jar:/Users/gebremeskelukbagiorgisiyasu/.m2/repository/com/fasterxml/jackson/core/jackson-core/2.9.8/jackson-core-2.9.8.jar:/Users/gebremeskelukbagiorgisiyasu/.m2/repository/com/fasterxml/jackson/dataformat/jackson-dataformat-smile/2.9.8/jackson-dataformat-smile-2.9.8.jar:/Users/gebremeskelukbagiorgisiyasu/.m2/repository/com/fasterxml/jackson/dataformat/jackson-dataformat-yaml/2.9.8/jackson-dataformat-yaml-2.9.8.jar:/Users/gebremeskelukbagiorgisiyasu/.m2/repository/com/fasterxml/jackson/dataformat/jackson-dataformat-cbor/2.9.8/jackson-dataformat-cbor-2.9.8.jar:/Users/gebremeskelukbagiorgisiyasu/.m2/repository/org/apache/lucene/lucene-core/7.4.0/lucene-core-7.4.0.jar:/Users/gebremeskelukbagiorgisiyasu/.m2/repository/org/apache/lucene/lucene-analyzers-common/7.4.0/lucene-analyzers-common-7.4.0.jar:/Users/gebremeskelukbagiorgisiyasu/.m2/repository/org/apache/lucene/lucene-backward-codecs/7.4.0/lucene-backward-codecs-7.4.0.jar:/Users/gebremeskelukbagiorgisiyasu/.m2/repository/org/apache/lucene/lucene-grouping/7.4.0/lucene-grouping-7.4.0.jar:/Users/gebremeskelukbagiorgisiyasu/.m2/repository/org/apache/lucene/lucene-highlighter/7.4.0/lucene-highlighter-7.4.0.jar:/Users/gebremeskelukbagiorgisiyasu/.m2/repository/org/apache/lucene/lucene-join/7.4.0/lucene-join-7.4.0.jar:/Users/gebremeskelukbagiorgisiyasu/.m2/repository/org/apache/lucene/lucene-memory/7.4.0/lucene-memory-7.4.0.jar:/Users/gebremeskelukbagiorgisiyasu/.m2/repository/org/apache/lucene/lucene-misc/7.4.0/lucene-misc-7.4.0.jar:/Users/gebremeskelukbagiorgisiyasu/.m2/repository/org/apache/lucene/lucene-queries/7.4.0/lucene-queries-7.4.0.jar:/Users/gebremeskelukbagiorgisiyasu/.m2/repository/org/apache/lucene/lucene-queryparser/7.4.0/lucene-queryparser-7.4.0.jar:/Users/gebremeskelukbagiorgisiyasu/.m2/repository/org/apache/lucene/lucene-sandbox/7.4.0/lucene-sandbox-7.4.0.jar:/Users/gebremeskelukbagiorgisiyasu/.m2/repository/org/apache/lucene/lucene-spatial/7.4.0/lucene-spatial-7.4.0.jar:/Users/gebremeskelukbagiorgisiyasu/.m2/repository/org/apache/lucene/lucene-spatial-extras/7.4.0/lucene-spatial-extras-7.4.0.jar:/Users/gebremeskelukbagiorgisiyasu/.m2/repository/org/apache/lucene/lucene-spatial3d/7.4.0/lucene-spatial3d-7.4.0.jar:/Users/gebremeskelukbagiorgisiyasu/.m2/repository/org/apache/lucene/lucene-suggest/7.4.0/lucene-suggest-7.4.0.jar:/Users/gebremeskelukbagiorgisiyasu/.m2/repository/org/elasticsearch/elasticsearch-cli/6.4.3/elasticsearch-cli-6.4.3.jar:/Users/gebremeskelukbagiorgisiyasu/.m2/repository/net/sf/jopt-simple/jopt-simple/5.0.2/jopt-simple-5.0.2.jar:/Users/gebremeskelukbagiorgisiyasu/.m2/repository/com/carrotsearch/hppc/0.7.1/hppc-0.7.1.jar:/Users/gebremeskelukbagiorgisiyasu/.m2/repository/joda-time/joda-time/2.10.1/joda-time-2.10.1.jar:/Users/gebremeskelukbagiorgisiyasu/.m2/repository/com/tdunning/t-digest/3.2/t-digest-3.2.jar:/Users/gebremeskelukbagiorgisiyasu/.m2/repository/org/hdrhistogram/HdrHistogram/2.1.9/HdrHistogram-2.1.9.jar:/Users/gebremeskelukbagiorgisiyasu/.m2/repository/org/apache/logging/log4j/log4j-api/2.11.1/log4j-api-2.11.1.jar:/Users/gebremeskelukbagiorgisiyasu/.m2/repository/org/elasticsearch/jna/4.5.1/jna-4.5.1.jar:/Users/gebremeskelukbagiorgisiyasu/.m2/repository/org/projectlombok/lombok/1.18.4/lombok-1.18.4.jar:/Users/gebremeskelukbagiorgisiyasu/.m2/repository/com/google/code/gson/gson/2.8.5/gson-2.8.5.jar:/Users/gebremeskelukbagiorgisiyasu/.m2/repository/org/elasticsearch/client/elasticsearch-rest-high-level-client/6.4.3/elasticsearch-rest-high-level-client-6.4.3.jar:/Users/gebremeskelukbagiorgisiyasu/.m2/repository/org/elasticsearch/client/elasticsearch-rest-client/6.4.3/elasticsearch-rest-client-6.4.3.jar:/Users/gebremeskelukbagiorgisiyasu/.m2/repository/org/apache/httpcomponents/httpclient/4.5.6/httpclient-4.5.6.jar:/Users/gebremeskelukbagiorgisiyasu/.m2/repository/org/apache/httpcomponents/httpcore/4.4.10/httpcore-4.4.10.jar:/Users/gebremeskelukbagiorgisiyasu/.m2/repository/org/apache/httpcomponents/httpasyncclient/4.1.4/httpasyncclient-4.1.4.jar:/Users/gebremeskelukbagiorgisiyasu/.m2/repository/org/apache/httpcomponents/httpcore-nio/4.4.10/httpcore-nio-4.4.10.jar:/Users/gebremeskelukbagiorgisiyasu/.m2/repository/commons-codec/commons-codec/1.11/commons-codec-1.11.jar:/Users/gebremeskelukbagiorgisiyasu/.m2/repository/org/elasticsearch/plugin/parent-join-client/6.4.3/parent-join-client-6.4.3.jar:/Users/gebremeskelukbagiorgisiyasu/.m2/repository/org/elasticsearch/plugin/aggs-matrix-stats-client/6.4.3/aggs-matrix-stats-client-6.4.3.jar:/Users/gebremeskelukbagiorgisiyasu/.m2/repository/org/elasticsearch/plugin/rank-eval-client/6.4.3/rank-eval-client-6.4.3.jar:/Users/gebremeskelukbagiorgisiyasu/.m2/repository/org/elasticsearch/plugin/lang-mustache-client/6.4.3/lang-mustache-client-6.4.3.jar:/Users/gebremeskelukbagiorgisiyasu/.m2/repository/com/github/spullara/mustache/java/compiler/0.9.3/compiler-0.9.3.jar:/Users/gebremeskelukbagiorgisiyasu/.m2/repository/org/springframework/boot/spring-boot-starter-test/2.1.2.RELEASE/spring-boot-starter-test-2.1.2.RELEASE.jar:/Users/gebremeskelukbagiorgisiyasu/.m2/repository/org/springframework/boot/spring-boot-test/2.1.2.RELEASE/spring-boot-test-2.1.2.RELEASE.jar:/Users/gebremeskelukbagiorgisiyasu/.m2/repository/org/springframework/boot/spring-boot-test-autoconfigure/2.1.2.RELEASE/spring-boot-test-autoconfigure-2.1.2.RELEASE.jar:/Users/gebremeskelukbagiorgisiyasu/.m2/repository/com/jayway/jsonpath/json-path/2.4.0/json-path-2.4.0.jar:/Users/gebremeskelukbagiorgisiyasu/.m2/repository/net/minidev/json-smart/2.3/json-smart-2.3.jar:/Users/gebremeskelukbagiorgisiyasu/.m2/repository/net/minidev/accessors-smart/1.2/accessors-smart-1.2.jar:/Users/gebremeskelukbagiorgisiyasu/.m2/repository/org/ow2/asm/asm/5.0.4/asm-5.0.4.jar:/Users/gebremeskelukbagiorgisiyasu/.m2/repository/org/slf4j/slf4j-api/1.7.25/slf4j-api-1.7.25.jar:/Users/gebremeskelukbagiorgisiyasu/.m2/repository/junit/junit/4.12/junit-4.12.jar:/Users/gebremeskelukbagiorgisiyasu/.m2/repository/org/assertj/assertj-core/3.11.1/assertj-core-3.11.1.jar:/Users/gebremeskelukbagiorgisiyasu/.m2/repository/org/mockito/mockito-core/2.23.4/mockito-core-2.23.4.jar:/Users/gebremeskelukbagiorgisiyasu/.m2/repository/net/bytebuddy/byte-buddy/1.9.7/byte-buddy-1.9.7.jar:/Users/gebremeskelukbagiorgisiyasu/.m2/repository/net/bytebuddy/byte-buddy-agent/1.9.7/byte-buddy-agent-1.9.7.jar:/Users/gebremeskelukbagiorgisiyasu/.m2/repository/org/objenesis/objenesis/2.6/objenesis-2.6.jar:/Users/gebremeskelukbagiorgisiyasu/.m2/repository/org/hamcrest/hamcrest-core/1.3/hamcrest-core-1.3.jar:/Users/gebremeskelukbagiorgisiyasu/.m2/repository/org/hamcrest/hamcrest-library/1.3/hamcrest-library-1.3.jar:/Users/gebremeskelukbagiorgisiyasu/.m2/repository/org/skyscreamer/jsonassert/1.5.0/jsonassert-1.5.0.jar:/Users/gebremeskelukbagiorgisiyasu/.m2/repository/com/vaadin/external/google/android-json/0.0.20131108.vaadin1/android-json-0.0.20131108.vaadin1.jar:/Users/gebremeskelukbagiorgisiyasu/.m2/repository/org/springframework/spring-core/5.1.4.RELEASE/spring-core-5.1.4.RELEASE.jar:/Users/gebremeskelukbagiorgisiyasu/.m2/repository/org/springframework/spring-jcl/5.1.4.RELEASE/spring-jcl-5.1.4.RELEASE.jar:/Users/gebremeskelukbagiorgisiyasu/.m2/repository/org/springframework/spring-test/5.1.4.RELEASE/spring-test-5.1.4.RELEASE.jar:/Users/gebremeskelukbagiorgisiyasu/.m2/repository/org/xmlunit/xmlunit-core/2.6.2/xmlunit-core-2.6.2.jar:"/>
    <property name="sun.cpu.endian" value="little"/>
    <property name="user.home" value="/Users/gebremeskelukbagiorgisiyasu"/>
    <property name="user.language" value="nb"/>
    <property name="java.specification.vendor" value="Oracle Corporation"/>
    <property name="java.home" value="/Library/Java/JavaVirtualMachines/jdk1.8.0_201.jdk/Contents/Home/jre"/>
    <property name="basedir" value="/Users/gebremeskelukbagiorgisiyasu/projects/ruter/playground/es-aws"/>
    <property name="file.separator" value="/"/>
    <property name="line.separator" value="&#10;"/>
    <property name="java.vm.specification.vendor" value="Oracle Corporation"/>
    <property name="java.specification.name" value="Java Platform API Specification"/>
    <property name="java.awt.graphicsenv" value="sun.awt.CGraphicsEnvironment"/>
    <property name="surefire.real.class.path" value="/Users/gebremeskelukbagiorgisiyasu/projects/ruter/playground/es-aws/target/surefire/surefirebooter5935503506057472542.jar"/>
    <property name="sun.boot.class.path" value="/Library/Java/JavaVirtualMachines/jdk1.8.0_201.jdk/Contents/Home/jre/lib/resources.jar:/Library/Java/JavaVirtualMachines/jdk1.8.0_201.jdk/Contents/Home/jre/lib/rt.jar:/Library/Java/JavaVirtualMachines/jdk1.8.0_201.jdk/Contents/Home/jre/lib/sunrsasign.jar:/Library/Java/JavaVirtualMachines/jdk1.8.0_201.jdk/Contents/Home/jre/lib/jsse.jar:/Library/Java/JavaVirtualMachines/jdk1.8.0_201.jdk/Contents/Home/jre/lib/jce.jar:/Library/Java/JavaVirtualMachines/jdk1.8.0_201.jdk/Contents/Home/jre/lib/charsets.jar:/Library/Java/JavaVirtualMachines/jdk1.8.0_201.jdk/Contents/Home/jre/lib/jfr.jar:/Library/Java/JavaVirtualMachines/jdk1.8.0_201.jdk/Contents/Home/jre/classes"/>
    <property name="sun.management.compiler" value="HotSpot 64-Bit Tiered Compilers"/>
    <property name="ftp.nonProxyHosts" value="local|*.local|169.254/16|*.169.254/16"/>
    <property name="java.runtime.version" value="1.8.0_201-b09"/>
    <property name="user.name" value="gebremeskelukbagiorgisiyasu"/>
    <property name="path.separator" value=":"/>
    <property name="os.version" value="10.14.2"/>
    <property name="java.endorsed.dirs" value="/Library/Java/JavaVirtualMachines/jdk1.8.0_201.jdk/Contents/Home/jre/lib/endorsed"/>
    <property name="java.runtime.name" value="Java(TM) SE Runtime Environment"/>
    <property name="file.encoding" value="UTF-8"/>
    <property name="java.vm.name" value="Java HotSpot(TM) 64-Bit Server VM"/>
    <property name="localRepository" value="/Users/gebremeskelukbagiorgisiyasu/.m2/repository"/>
    <property name="java.vendor.url.bug" value="http://bugreport.sun.com/bugreport/"/>
    <property name="java.io.tmpdir" value="/var/folders/qp/r8b98_cj2lx1clv983yyr72h0000gn/T/"/>
    <property name="java.version" value="1.8.0_201"/>
    <property name="user.dir" value="/Users/gebremeskelukbagiorgisiyasu/projects/ruter/playground/es-aws"/>
    <property name="os.arch" value="x86_64"/>
    <property name="java.vm.specification.name" value="Java Virtual Machine Specification"/>
    <property name="java.awt.printerjob" value="sun.lwawt.macosx.CPrinterJob"/>
    <property name="sun.os.patch.level" value="unknown"/>
    <property name="java.library.path" value="/Users/gebremeskelukbagiorgisiyasu/Library/Java/Extensions:/Library/Java/Extensions:/Network/Library/Java/Extensions:/System/Library/Java/Extensions:/usr/lib/java:."/>
    <property name="java.vm.info" value="mixed mode"/>
    <property name="java.vendor" value="Oracle Corporation"/>
    <property name="java.vm.version" value="25.201-b09"/>
    <property name="java.ext.dirs" value="/Users/gebremeskelukbagiorgisiyasu/Library/Java/Extensions:/Library/Java/JavaVirtualMachines/jdk1.8.0_201.jdk/Contents/Home/jre/lib/ext:/Library/Java/Extensions:/Network/Library/Java/Extensions:/System/Library/Java/Extensions:/usr/lib/java"/>
    <property name="sun.io.unicode.encoding" value="UnicodeBig"/>
    <property name="java.class.version" value="52.0"/>
    <property name="socksNonProxyHosts" value="local|*.local|169.254/16|*.169.254/16"/>
  </properties>
  <testcase name="contextLoads" classname="com.example.aws.elasticsearch.demo.ApplicationTests" time="0">
    <skipped/>
    <system-out><![CDATA[21:43:15.442 [main] DEBUG org.springframework.test.context.junit4.SpringJUnit4ClassRunner - SpringJUnit4ClassRunner constructor called with [class com.example.aws.elasticsearch.demo.ApplicationTests]
21:43:15.446 [main] DEBUG org.springframework.test.context.BootstrapUtils - Instantiating CacheAwareContextLoaderDelegate from class [org.springframework.test.context.cache.DefaultCacheAwareContextLoaderDelegate]
21:43:15.451 [main] DEBUG org.springframework.test.context.BootstrapUtils - Instantiating BootstrapContext using constructor [public org.springframework.test.context.support.DefaultBootstrapContext(java.lang.Class,org.springframework.test.context.CacheAwareContextLoaderDelegate)]
21:43:15.466 [main] DEBUG org.springframework.test.context.BootstrapUtils - Instantiating TestContextBootstrapper for test class [com.example.aws.elasticsearch.demo.ApplicationTests] from class [org.springframework.boot.test.context.SpringBootTestContextBootstrapper]
21:43:15.475 [main] INFO org.springframework.boot.test.context.SpringBootTestContextBootstrapper - Neither @ContextConfiguration nor @ContextHierarchy found for test class [com.example.aws.elasticsearch.demo.ApplicationTests], using SpringBootContextLoader
21:43:15.477 [main] DEBUG org.springframework.test.context.support.AbstractContextLoader - Did not detect default resource location for test class [com.example.aws.elasticsearch.demo.ApplicationTests]: class path resource [com/example/aws/elasticsearch/demo/ApplicationTests-context.xml] does not exist
21:43:15.477 [main] DEBUG org.springframework.test.context.support.AbstractContextLoader - Did not detect default resource location for test class [com.example.aws.elasticsearch.demo.ApplicationTests]: class path resource [com/example/aws/elasticsearch/demo/ApplicationTestsContext.groovy] does not exist
21:43:15.477 [main] INFO org.springframework.test.context.support.AbstractContextLoader - Could not detect default resource locations for test class [com.example.aws.elasticsearch.demo.ApplicationTests]: no resource found for suffixes {-context.xml, Context.groovy}.
21:43:15.478 [main] INFO org.springframework.test.context.support.AnnotationConfigContextLoaderUtils - Could not detect default configuration classes for test class [com.example.aws.elasticsearch.demo.ApplicationTests]: ApplicationTests does not declare any static, non-private, non-final, nested classes annotated with @Configuration.
21:43:15.508 [main] DEBUG org.springframework.test.context.support.ActiveProfilesUtils - Could not find an 'annotation declaring class' for annotation type [org.springframework.test.context.ActiveProfiles] and class [com.example.aws.elasticsearch.demo.ApplicationTests]
21:43:15.579 [main] DEBUG org.springframework.context.annotation.ClassPathScanningCandidateComponentProvider - Identified candidate component class: file [/Users/gebremeskelukbagiorgisiyasu/projects/ruter/playground/es-aws/target/classes/com/example/aws/elasticsearch/demo/Application.class]
21:43:15.580 [main] INFO org.springframework.boot.test.context.SpringBootTestContextBootstrapper - Found @SpringBootConfiguration com.example.aws.elasticsearch.demo.Application for test class com.example.aws.elasticsearch.demo.ApplicationTests
21:43:15.663 [main] DEBUG org.springframework.boot.test.context.SpringBootTestContextBootstrapper - @TestExecutionListeners is not present for class [com.example.aws.elasticsearch.demo.ApplicationTests]: using defaults.
21:43:15.663 [main] INFO org.springframework.boot.test.context.SpringBootTestContextBootstrapper - Loaded default TestExecutionListener class names from location [META-INF/spring.factories]: [org.springframework.boot.test.mock.mockito.MockitoTestExecutionListener, org.springframework.boot.test.mock.mockito.ResetMocksTestExecutionListener, org.springframework.boot.test.autoconfigure.restdocs.RestDocsTestExecutionListener, org.springframework.boot.test.autoconfigure.web.client.MockRestServiceServerResetTestExecutionListener, org.springframework.boot.test.autoconfigure.web.servlet.MockMvcPrintOnlyOnFailureTestExecutionListener, org.springframework.boot.test.autoconfigure.web.servlet.WebDriverTestExecutionListener, org.springframework.test.context.web.ServletTestExecutionListener, org.springframework.test.context.support.DirtiesContextBeforeModesTestExecutionListener, org.springframework.test.context.support.DependencyInjectionTestExecutionListener, org.springframework.test.context.support.DirtiesContextTestExecutionListener, org.springframework.test.context.transaction.TransactionalTestExecutionListener, org.springframework.test.context.jdbc.SqlScriptsTestExecutionListener]
21:43:15.672 [main] DEBUG org.springframework.boot.test.context.SpringBootTestContextBootstrapper - Skipping candidate TestExecutionListener [org.springframework.test.context.transaction.TransactionalTestExecutionListener] due to a missing dependency. Specify custom listener classes or make the default listener classes and their required dependencies available. Offending class: [org/springframework/transaction/interceptor/TransactionAttributeSource]
21:43:15.673 [main] DEBUG org.springframework.boot.test.context.SpringBootTestContextBootstrapper - Skipping candidate TestExecutionListener [org.springframework.test.context.jdbc.SqlScriptsTestExecutionListener] due to a missing dependency. Specify custom listener classes or make the default listener classes and their required dependencies available. Offending class: [org/springframework/transaction/interceptor/TransactionAttribute]
21:43:15.673 [main] INFO org.springframework.boot.test.context.SpringBootTestContextBootstrapper - Using TestExecutionListeners: [org.springframework.test.context.web.ServletTestExecutionListener@313ac989, org.springframework.test.context.support.DirtiesContextBeforeModesTestExecutionListener@4562e04d, org.springframework.boot.test.mock.mockito.MockitoTestExecutionListener@2a65fe7c, org.springframework.boot.test.autoconfigure.SpringBootDependencyInjectionTestExecutionListener@4135c3b, org.springframework.test.context.support.DirtiesContextTestExecutionListener@6302bbb1, org.springframework.boot.test.mock.mockito.ResetMocksTestExecutionListener@31304f14, org.springframework.boot.test.autoconfigure.restdocs.RestDocsTestExecutionListener@34a3d150, org.springframework.boot.test.autoconfigure.web.client.MockRestServiceServerResetTestExecutionListener@2a4fb17b, org.springframework.boot.test.autoconfigure.web.servlet.MockMvcPrintOnlyOnFailureTestExecutionListener@5c6648b0, org.springframework.boot.test.autoconfigure.web.servlet.WebDriverTestExecutionListener@6f1de4c7]
21:43:15.680 [main] DEBUG org.springframework.test.annotation.ProfileValueUtils - Retrieved @ProfileValueSourceConfiguration [null] for test class [com.example.aws.elasticsearch.demo.ApplicationTests]
21:43:15.680 [main] DEBUG org.springframework.test.annotation.ProfileValueUtils - Retrieved ProfileValueSource type [class org.springframework.test.annotation.SystemProfileValueSource] for class [com.example.aws.elasticsearch.demo.ApplicationTests]
21:43:15.681 [main] DEBUG org.springframework.test.annotation.ProfileValueUtils - Retrieved @ProfileValueSourceConfiguration [null] for test class [com.example.aws.elasticsearch.demo.ApplicationTests]
21:43:15.681 [main] DEBUG org.springframework.test.annotation.ProfileValueUtils - Retrieved ProfileValueSource type [class org.springframework.test.annotation.SystemProfileValueSource] for class [com.example.aws.elasticsearch.demo.ApplicationTests]
21:43:15.682 [main] DEBUG org.springframework.test.annotation.ProfileValueUtils - Retrieved @ProfileValueSourceConfiguration [null] for test class [com.example.aws.elasticsearch.demo.ApplicationTests]
21:43:15.682 [main] DEBUG org.springframework.test.annotation.ProfileValueUtils - Retrieved ProfileValueSource type [class org.springframework.test.annotation.SystemProfileValueSource] for class [com.example.aws.elasticsearch.demo.ApplicationTests]
]]></system-out>
  </testcase>
</testsuite>